<?xml version="1.0" encoding="UTF-8"?>
<testsuite xmlns:xsi="http://www.w3.org/2001/XMLSchema-instance" xsi:noNamespaceSchemaLocation="https://maven.apache.org/surefire/maven-surefire-plugin/xsd/surefire-test-report.xsd" name="FirstCaseTest" time="55.153" tests="4" errors="0" skipped="0" failures="0">
  <properties>
[...]
</properties>
  <testcase name="durationTest" classname="FirstCaseTest" time="15.543"/>
  <testcase name="transportIconTest" classname="FirstCaseTest" time="12.642"/>
  <testcase name="findTheWay" classname="FirstCaseTest" time="13.885"/>
  <testcase name="tittleTest" classname="FirstCaseTest" time="12.373"/>
</testsuite>